#
# There is insufficient memory for the Java Runtime Environment to continue.
# Native memory allocation (malloc) failed to allocate 1048576 bytes for AllocateHeap
# Possible reasons:
#   The system is out of physical RAM or swap space
#   The process is running with CompressedOops enabled, and the Java Heap may be blocking the growth of the native heap
# Possible solutions:
#   Reduce memory load on the system
#   Increase physical memory or swap space
#   Check if swap backing store is full
#   Decrease Java heap size (-Xmx/-Xms)
#   Decrease number of Java threads
#   Decrease Java thread stack sizes (-Xss)
#   Set larger code cache with -XX:ReservedCodeCacheSize=
#   JVM is running with Unscaled Compressed Oops mode in which the Java heap is
#     placed in the first 4GB address space. The Java Heap base address is the
#     maximum limit for the native heap growth. Please use -XX:HeapBaseMinAddress
#     to set the Java Heap base and to place the Java Heap above 4GB virtual address.
# This output file may be truncated or incomplete.
#
#  Out of Memory Error (memory/allocation.inline.hpp:61), pid=11360, tid=0x00000000000011d4
#
# JRE version:  (8.0_282-b08) (build )
# Java VM: OpenJDK 64-Bit Server VM (25.282-b08 mixed mode windows-amd64 compressed oops)
# Failed to write core dump. Minidumps are not enabled by default on client versions of Windows
#

---------------  T H R E A D  ---------------

Current thread (0x0000000002a02800):  JavaThread "Unknown thread" [_thread_in_vm, id=4564, stack(0x0000000002820000,0x0000000002920000)]

Stack: [0x0000000002820000,0x0000000002920000]
[error occurred during error reporting (printing stack bounds), id 0xc0000005]

Native frames: (J=compiled Java code, j=interpreted, Vv=VM code, C=native code)


---------------  P R O C E S S  ---------------

Java Threads: ( => current thread )

Other Threads:

=>0x0000000002a02800 (exited) JavaThread "Unknown thread" [_thread_in_vm, id=4564, stack(0x0000000002820000,0x0000000002920000)]

VM state:not at safepoint (normal execution)

VM Mutex/Monitor currently owned by a thread: None

heap address: 0x00000000fc000000, size: 64 MB, Compressed Oops mode: 32-bit
Narrow klass base: 0x0000000000000000, Narrow klass shift: 3
Compressed class space size: 1073741824 Address: 0x0000000100000000

Heap:
 PSYoungGen      total 18944K, used 327K [0x00000000feb00000, 0x0000000100000000, 0x0000000100000000)
  eden space 16384K, 2% used [0x00000000feb00000,0x00000000feb51ec8,0x00000000ffb00000)
  from space 2560K, 0% used [0x00000000ffd80000,0x00000000ffd80000,0x0000000100000000)
  to   space 2560K, 0% used [0x00000000ffb00000,0x00000000ffb00000,0x00000000ffd80000)
 ParOldGen       total 44032K, used 0K [0x00000000fc000000, 0x00000000feb00000, 0x00000000feb00000)
  object space 44032K, 0% used [0x00000000fc000000,0x00000000fc000000,0x00000000feb00000)
 Metaspace       used 780K, capacity 4480K, committed 4480K, reserved 1056768K
  class space    used 76K, capacity 384K, committed 384K, reserved 1048576K

Card table byte_map: [0x0000000000fa0000,0x0000000000fd0000] byte_map_base: 0x00000000007c0000

Marking Bits: (ParMarkBitMap*) 0x0000000068093420
 Begin Bits: [0x00000000120c0000, 0x00000000121c0000)
 End Bits:   [0x00000000121c0000, 0x00000000122c0000)

Polling page: 0x0000000000c50000

CodeCache: size=245760Kb used=327Kb max_used=327Kb free=245432Kb
 bounds [0x0000000002b00000, 0x0000000002d70000, 0x0000000011b00000]
 total_blobs=56 nmethods=0 adapters=38
 compilation: enabled

Compilation events (0 events):
No events

GC Heap History (0 events):
No events

Deoptimization events (0 events):
No events

Classes redefined (0 events):
No events

Internal exceptions (0 events):
No events

Events (10 events):
Event: 0.075 loading class java/lang/Short
Event: 0.076 loading class java/lang/Short done
Event: 0.076 loading class java/lang/Integer
Event: 0.076 loading class java/lang/Integer done
Event: 0.076 loading class java/lang/Long
Event: 0.076 loading class java/lang/Long done
Event: 0.078 loading class java/lang/NullPointerException
Event: 0.078 loading class java/lang/NullPointerException done
Event: 0.078 loading class java/lang/ArithmeticException
Event: 0.078 loading class java/lang/ArithmeticException done


Dynamic libraries:
0x00007ff6ea080000 - 0x00007ff6ea0b5000 	C:\Program Files\OpenJDK\openjdk-8u282-b08\bin\java.exe
0x00007fffa0fd0000 - 0x00007fffa11c5000 	C:\Windows\SYSTEM32\ntdll.dll
0x00007fffa0150000 - 0x00007fffa020e000 	C:\Windows\System32\KERNEL32.DLL
0x00007fff9e960000 - 0x00007fff9ec28000 	C:\Windows\System32\KERNELBASE.dll
0x00007fffa0320000 - 0x00007fffa03ce000 	C:\Windows\System32\ADVAPI32.dll
0x00007fff9feb0000 - 0x00007fff9ff4e000 	C:\Windows\System32\msvcrt.dll
0x00007fffa0280000 - 0x00007fffa031c000 	C:\Windows\System32\sechost.dll
0x00007fffa0bd0000 - 0x00007fffa0cf5000 	C:\Windows\System32\RPCRT4.dll
0x00007fffa0880000 - 0x00007fffa0a20000 	C:\Windows\System32\USER32.dll
0x00007fff9e780000 - 0x00007fff9e7a2000 	C:\Windows\System32\win32u.dll
0x00007fff9ff50000 - 0x00007fff9ff7b000 	C:\Windows\System32\GDI32.dll
0x00007fff9eeb0000 - 0x00007fff9efbb000 	C:\Windows\System32\gdi32full.dll
0x00007fff9ed90000 - 0x00007fff9ee2d000 	C:\Windows\System32\msvcp_win.dll
0x00007fff9e7b0000 - 0x00007fff9e8b0000 	C:\Windows\System32\ucrtbase.dll
0x00007fff8dfa0000 - 0x00007fff8e23a000 	C:\Windows\WinSxS\amd64_microsoft.windows.common-controls_6595b64144ccf1df_6.0.19041.1110_none_60b5254171f9507e\COMCTL32.dll
0x00007fffa03d0000 - 0x00007fffa0400000 	C:\Windows\System32\IMM32.DLL
0x0000000068120000 - 0x00000000681f2000 	C:\Program Files\OpenJDK\openjdk-8u282-b08\jre\bin\msvcr100.dll
0x0000000067880000 - 0x0000000068115000 	C:\Program Files\OpenJDK\openjdk-8u282-b08\jre\bin\server\jvm.dll
0x00007fff9fa00000 - 0x00007fff9fa08000 	C:\Windows\System32\PSAPI.DLL
0x00007fff98940000 - 0x00007fff98949000 	C:\Windows\SYSTEM32\WSOCK32.dll
0x00007fffa0e90000 - 0x00007fffa0efb000 	C:\Windows\System32\WS2_32.dll
0x00007fff8da70000 - 0x00007fff8da97000 	C:\Windows\SYSTEM32\WINMM.dll
0x00007fff91700000 - 0x00007fff9170a000 	C:\Windows\SYSTEM32\VERSION.dll
0x00007fff93f50000 - 0x00007fff93f5f000 	C:\Program Files\OpenJDK\openjdk-8u282-b08\jre\bin\verify.dll
0x00007fff8fd30000 - 0x00007fff8fd59000 	C:\Program Files\OpenJDK\openjdk-8u282-b08\jre\bin\java.dll
0x00007fff8fd10000 - 0x00007fff8fd26000 	C:\Program Files\OpenJDK\openjdk-8u282-b08\jre\bin\zip.dll

VM Arguments:
jvm_args: -Xmx64m -Xms64m -Dorg.gradle.appname=gradlew 
java_command: org.gradle.wrapper.GradleWrapperMain clean
java_class_path (initial): C:\Users\gayas\Documents\good seed\GoodSeed-New\android\\gradle\wrapper\gradle-wrapper.jar
Launcher Type: SUN_STANDARD

Environment Variables:
JAVA_HOME=C:\Program Files\OpenJDK\openjdk-8u282-b08
CLASSPATH=C:\Users\gayas\Documents\good seed\GoodSeed-New\android\\gradle\wrapper\gradle-wrapper.jar
PATH=C:\Program Files (x86)\Common Files\Oracle\Java\javapath;C:\Python39\Scripts\;C:\Python39\;C:\Windows\system32;C:\Windows;C:\Windows\System32\Wbem;C:\Windows\System32\WindowsPowerShell\v1.0\;C:\Windows\System32\OpenSSH\;C:\Program Files\nodejs\;C:\ProgramData\chocolatey\bin;C:\Program Files (x86)\Yarn\bin\;C:\Program Files\OpenJDK\openjdk-8u282-b08\bin;C:\Program Files\Git\cmd;C:\xampp\php;C:\ProgramData\ComposerSetup\bin;C:\Program Files (x86)\Windows Live\Shared;C:\Windows\system32;C:\Windows;C:\Windows\System32\Wbem;C:\Windows\System32\WindowsPowerShell\v1.0\;C:\Windows\System32\OpenSSH\;C:\Users\gayas\AppData\Local\Microsoft\WindowsApps;C:\Users\gayas\AppData\Local\Programs\Microsoft VS Code\bin;C:\Users\gayas\AppData\Roaming\npm;C:\Users\gayas\AppData\Local\Yarn\bin;C:\Users\gayas\AppData\Local\GitHubDesktop\bin;C:\Users\gayas\AppData\Roaming\Composer\vendor\bin;C:\Users\gayas\Documents\flutter\bin;
USERNAME=gayas
OS=Windows_NT
PROCESSOR_IDENTIFIER=Intel64 Family 6 Model 55 Stepping 8, GenuineIntel



---------------  S Y S T E M  ---------------

OS: Windows 10.0 , 64 bit Build 19041 (10.0.19041.1566)

CPU:total 2 (initial active 2) (2 cores per cpu, 1 threads per core) family 6 model 55 stepping 8, cmov, cx8, fxsr, mmx, sse, sse2, sse3, ssse3, sse4.1, sse4.2, popcnt, clmul, erms, 3dnowpref, tsc, tscinvbit

Memory: 4k page, physical 4076912k(635652k free), swap 15030088k(19700k free)

vm_info: OpenJDK 64-Bit Server VM (25.282-b08) for windows-amd64 JRE (1.8.0_282-b08), built on Jan 11 2021 12:17:07 by "build" with MS VC++ 10.0 (VS2010)

time: Tue Mar 15 09:54:10 2022
timezone: Sri Lanka Standard Time
elapsed time: 0.152639 seconds (0d 0h 0m 0s)

